========== fold: 0 training ==========
Epoch 1 - avg_train_loss: 0.0326  avg_val_loss: 0.0113  time: 680s
Epoch 1 - Score: 0.8669
Epoch 1 - Save Best Score: 0.8669 Model
Epoch 2 - avg_train_loss: 0.0090  avg_val_loss: 0.0110  time: 681s
Epoch 2 - Score: 0.8777
Epoch 2 - Save Best Score: 0.8777 Model
Epoch 3 - avg_train_loss: 0.0080  avg_val_loss: 0.0107  time: 685s
Epoch 3 - Score: 0.8805
Epoch 3 - Save Best Score: 0.8805 Model
Epoch 4 - avg_train_loss: 0.0072  avg_val_loss: 0.0111  time: 684s
Epoch 4 - Score: 0.8802
Epoch 5 - avg_train_loss: 0.0066  avg_val_loss: 0.0112  time: 682s
Epoch 5 - Score: 0.8826
Epoch 5 - Save Best Score: 0.8826 Model
========== fold: 0 result ==========
Score: 0.8826
========== fold: 1 training ==========
Epoch 1 - avg_train_loss: 0.0234  avg_val_loss: 0.0125  time: 681s
Epoch 1 - Score: 0.8590
Epoch 1 - Save Best Score: 0.8590 Model
Epoch 2 - avg_train_loss: 0.0089  avg_val_loss: 0.0120  time: 681s
Epoch 2 - Score: 0.8761
Epoch 2 - Save Best Score: 0.8761 Model
Epoch 3 - avg_train_loss: 0.0077  avg_val_loss: 0.0119  time: 681s
Epoch 3 - Score: 0.8777
Epoch 3 - Save Best Score: 0.8777 Model
Epoch 4 - avg_train_loss: 0.0069  avg_val_loss: 0.0124  time: 682s
Epoch 4 - Score: 0.8801
Epoch 4 - Save Best Score: 0.8801 Model
Epoch 5 - avg_train_loss: 0.0061  avg_val_loss: 0.0125  time: 682s
Epoch 5 - Score: 0.8797
========== fold: 1 result ==========
Score: 0.8801
========== fold: 2 training ==========
Epoch 1 - avg_train_loss: 0.0237  avg_val_loss: 0.0119  time: 678s
Epoch 1 - Score: 0.8632
Epoch 1 - Save Best Score: 0.8632 Model
Epoch 2 - avg_train_loss: 0.0086  avg_val_loss: 0.0115  time: 681s
Epoch 2 - Score: 0.8767
Epoch 2 - Save Best Score: 0.8767 Model
Epoch 3 - avg_train_loss: 0.0074  avg_val_loss: 0.0120  time: 681s
Epoch 3 - Score: 0.8800
Epoch 3 - Save Best Score: 0.8800 Model
Epoch 4 - avg_train_loss: 0.0066  avg_val_loss: 0.0123  time: 681s
Epoch 4 - Score: 0.8795
Epoch 5 - avg_train_loss: 0.0059  avg_val_loss: 0.0131  time: 680s
Epoch 5 - Score: 0.8785
========== fold: 2 result ==========
Score: 0.8800
========== fold: 3 training ==========
Epoch 1 - avg_train_loss: 0.0240  avg_val_loss: 0.0126  time: 680s
Epoch 1 - Score: 0.8564
Epoch 1 - Save Best Score: 0.8564 Model
Epoch 2 - avg_train_loss: 0.0087  avg_val_loss: 0.0119  time: 682s
Epoch 2 - Score: 0.8765
Epoch 2 - Save Best Score: 0.8765 Model
Epoch 3 - avg_train_loss: 0.0073  avg_val_loss: 0.0124  time: 681s
Epoch 3 - Score: 0.8798
Epoch 3 - Save Best Score: 0.8798 Model
Epoch 4 - avg_train_loss: 0.0065  avg_val_loss: 0.0126  time: 681s
Epoch 4 - Score: 0.8813
Epoch 4 - Save Best Score: 0.8813 Model
Epoch 5 - avg_train_loss: 0.0059  avg_val_loss: 0.0130  time: 681s
Epoch 5 - Score: 0.8827
Epoch 5 - Save Best Score: 0.8827 Model
========== fold: 3 result ==========
Score: 0.8827
========== fold: 4 training ==========
Epoch 1 - avg_train_loss: 0.0240  avg_val_loss: 0.0122  time: 681s
Epoch 1 - Score: 0.8704
Epoch 1 - Save Best Score: 0.8704 Model
Epoch 2 - avg_train_loss: 0.0088  avg_val_loss: 0.0118  time: 681s
Epoch 2 - Score: 0.8766
Epoch 2 - Save Best Score: 0.8766 Model
Epoch 3 - avg_train_loss: 0.0076  avg_val_loss: 0.0123  time: 680s
Epoch 3 - Score: 0.8787
Epoch 3 - Save Best Score: 0.8787 Model
Epoch 4 - avg_train_loss: 0.0068  avg_val_loss: 0.0123  time: 682s
Epoch 4 - Score: 0.8797
Epoch 4 - Save Best Score: 0.8797 Model
Epoch 5 - avg_train_loss: 0.0060  avg_val_loss: 0.0128  time: 681s
Epoch 5 - Score: 0.8817
Epoch 5 - Save Best Score: 0.8817 Model
========== fold: 4 result ==========
Score: 0.8817
========== CV ==========
Score: 0.8814
========== fold: 0 training ==========
Epoch 1 - avg_train_loss: 0.0314  avg_val_loss: 0.0114  time: 679s
Epoch 1 - Score: 0.8707
Epoch 1 - Save Best Score: 0.8707 Model
Epoch 2 - avg_train_loss: 0.0087  avg_val_loss: 0.0109  time: 680s
Epoch 2 - Score: 0.8791
Epoch 2 - Save Best Score: 0.8791 Model
Epoch 3 - avg_train_loss: 0.0077  avg_val_loss: 0.0109  time: 679s
Epoch 3 - Score: 0.8823
Epoch 3 - Save Best Score: 0.8823 Model
Epoch 4 - avg_train_loss: 0.0070  avg_val_loss: 0.0113  time: 679s
Epoch 4 - Score: 0.8821
Epoch 5 - avg_train_loss: 0.0065  avg_val_loss: 0.0113  time: 684s
Epoch 5 - Score: 0.8845
Epoch 5 - Save Best Score: 0.8845 Model
========== fold: 0 result ==========
Score: 0.8845
========== fold: 1 training ==========
Epoch 1 - avg_train_loss: 0.0236  avg_val_loss: 0.0113  time: 679s
Epoch 1 - Score: 0.8626
Epoch 1 - Save Best Score: 0.8626 Model
Epoch 2 - avg_train_loss: 0.0085  avg_val_loss: 0.0114  time: 680s
Epoch 2 - Score: 0.8778
Epoch 2 - Save Best Score: 0.8778 Model
Epoch 3 - avg_train_loss: 0.0073  avg_val_loss: 0.0117  time: 681s
Epoch 3 - Score: 0.8781
Epoch 3 - Save Best Score: 0.8781 Model
Epoch 4 - avg_train_loss: 0.0065  avg_val_loss: 0.0122  time: 683s
Epoch 4 - Score: 0.8774
Epoch 5 - avg_train_loss: 0.0057  avg_val_loss: 0.0125  time: 682s
Epoch 5 - Score: 0.8797
Epoch 5 - Save Best Score: 0.8797 Model
========== fold: 1 result ==========
Score: 0.8797
========== fold: 2 training ==========
Epoch 1 - avg_train_loss: 0.0229  avg_val_loss: 0.0119  time: 678s
Epoch 1 - Score: 0.8661
Epoch 1 - Save Best Score: 0.8661 Model
Epoch 2 - avg_train_loss: 0.0088  avg_val_loss: 0.0115  time: 679s
Epoch 2 - Score: 0.8761
Epoch 2 - Save Best Score: 0.8761 Model
Epoch 3 - avg_train_loss: 0.0074  avg_val_loss: 0.0118  time: 679s
Epoch 3 - Score: 0.8780
Epoch 3 - Save Best Score: 0.8780 Model
Epoch 4 - avg_train_loss: 0.0067  avg_val_loss: 0.0121  time: 682s
Epoch 4 - Score: 0.8790
Epoch 4 - Save Best Score: 0.8790 Model
Epoch 5 - avg_train_loss: 0.0060  avg_val_loss: 0.0129  time: 681s
Epoch 5 - Score: 0.8784
========== fold: 2 result ==========
Score: 0.8790
========== fold: 3 training ==========
Epoch 1 - avg_train_loss: 0.0234  avg_val_loss: 0.0125  time: 676s
Epoch 1 - Score: 0.8602
Epoch 1 - Save Best Score: 0.8602 Model
Epoch 2 - avg_train_loss: 0.0085  avg_val_loss: 0.0123  time: 683s
Epoch 2 - Score: 0.8762
Epoch 2 - Save Best Score: 0.8762 Model
Epoch 3 - avg_train_loss: 0.0072  avg_val_loss: 0.0127  time: 679s
Epoch 3 - Score: 0.8770
Epoch 3 - Save Best Score: 0.8770 Model
Epoch 4 - avg_train_loss: 0.0065  avg_val_loss: 0.0128  time: 678s
Epoch 4 - Score: 0.8779
Epoch 4 - Save Best Score: 0.8779 Model
Epoch 5 - avg_train_loss: 0.0059  avg_val_loss: 0.0133  time: 678s
Epoch 5 - Score: 0.8801
Epoch 5 - Save Best Score: 0.8801 Model
========== fold: 3 result ==========
Score: 0.8801
========== fold: 4 training ==========
Epoch 1 - avg_train_loss: 0.0240  avg_val_loss: 0.0124  time: 677s
Epoch 1 - Score: 0.8625
Epoch 1 - Save Best Score: 0.8625 Model
Epoch 2 - avg_train_loss: 0.0087  avg_val_loss: 0.0117  time: 678s
Epoch 2 - Score: 0.8771
Epoch 2 - Save Best Score: 0.8771 Model
Epoch 3 - avg_train_loss: 0.0075  avg_val_loss: 0.0122  time: 680s
Epoch 3 - Score: 0.8804
Epoch 3 - Save Best Score: 0.8804 Model
Epoch 4 - avg_train_loss: 0.0066  avg_val_loss: 0.0122  time: 680s
Epoch 4 - Score: 0.8810
Epoch 4 - Save Best Score: 0.8810 Model
Epoch 5 - avg_train_loss: 0.0058  avg_val_loss: 0.0125  time: 678s
Epoch 5 - Score: 0.8802
========== fold: 4 result ==========
Score: 0.8810
========== CV ==========
Score: 0.8809
========== fold: 0 training ==========
========== fold: 0 training ==========
========== fold: 0 training ==========
========== fold: 0 training ==========
