========== fold: 0 training ==========
Epoch 1 - avg_train_loss: 0.0202  avg_val_loss: 0.0152  time: 973s
Epoch 1 - Score: 0.8517
Epoch 1 - Save Best Score: 0.8517 Model
Epoch 2 - avg_train_loss: 0.0106  avg_val_loss: 0.0130  time: 975s
Epoch 2 - Score: 0.8807
Epoch 2 - Save Best Score: 0.8807 Model
Epoch 3 - avg_train_loss: 0.0092  avg_val_loss: 0.0157  time: 971s
Epoch 3 - Score: 0.8835
Epoch 3 - Save Best Score: 0.8835 Model
Epoch 4 - avg_train_loss: 0.0075  avg_val_loss: 0.0172  time: 974s
Epoch 4 - Score: 0.8800
Epoch 5 - avg_train_loss: 0.0057  avg_val_loss: 0.0195  time: 975s
Epoch 5 - Score: 0.8792
========== fold: 0 result ==========
Score: 0.8835
========== fold: 1 training ==========
Epoch 1 - avg_train_loss: 0.0205  avg_val_loss: 0.0137  time: 974s
Epoch 1 - Score: 0.8657
Epoch 1 - Save Best Score: 0.8657 Model
Epoch 2 - avg_train_loss: 0.0102  avg_val_loss: 0.0149  time: 975s
Epoch 2 - Score: 0.8734
Epoch 2 - Save Best Score: 0.8734 Model
Epoch 3 - avg_train_loss: 0.0087  avg_val_loss: 0.0156  time: 974s
Epoch 3 - Score: 0.8811
Epoch 3 - Save Best Score: 0.8811 Model
Epoch 4 - avg_train_loss: 0.0073  avg_val_loss: 0.0188  time: 972s
Epoch 4 - Score: 0.8788
Epoch 5 - avg_train_loss: 0.0055  avg_val_loss: 0.0187  time: 973s
Epoch 5 - Score: 0.8812
Epoch 5 - Save Best Score: 0.8812 Model
========== fold: 1 result ==========
Score: 0.8812
========== fold: 2 training ==========
Epoch 1 - avg_train_loss: 0.0209  avg_val_loss: 0.0130  time: 1130s
Epoch 1 - Score: 0.8649
Epoch 1 - Save Best Score: 0.8649 Model
Epoch 2 - avg_train_loss: 0.0102  avg_val_loss: 0.0151  time: 980s
Epoch 2 - Score: 0.8764
Epoch 2 - Save Best Score: 0.8764 Model
Epoch 3 - avg_train_loss: 0.0090  avg_val_loss: 0.0171  time: 979s
Epoch 3 - Score: 0.8800
Epoch 3 - Save Best Score: 0.8800 Model
Epoch 4 - avg_train_loss: 0.0072  avg_val_loss: 0.0188  time: 1005s
Epoch 4 - Score: 0.8806
Epoch 4 - Save Best Score: 0.8806 Model
Epoch 5 - avg_train_loss: 0.0057  avg_val_loss: 0.0195  time: 1013s
Epoch 5 - Score: 0.8812
Epoch 5 - Save Best Score: 0.8812 Model
========== fold: 2 result ==========
Score: 0.8812
========== fold: 3 training ==========
Epoch 1 - avg_train_loss: 0.0202  avg_val_loss: 0.0138  time: 1044s
Epoch 1 - Score: 0.8623
Epoch 1 - Save Best Score: 0.8623 Model
Epoch 2 - avg_train_loss: 0.0100  avg_val_loss: 0.0171  time: 977s
Epoch 2 - Score: 0.8767
Epoch 2 - Save Best Score: 0.8767 Model
Epoch 3 - avg_train_loss: 0.0087  avg_val_loss: 0.0171  time: 976s
Epoch 3 - Score: 0.8775
Epoch 3 - Save Best Score: 0.8775 Model
Epoch 4 - avg_train_loss: 0.0070  avg_val_loss: 0.0189  time: 976s
Epoch 4 - Score: 0.8794
Epoch 4 - Save Best Score: 0.8794 Model
Epoch 5 - avg_train_loss: 0.0056  avg_val_loss: 0.0209  time: 976s
Epoch 5 - Score: 0.8800
Epoch 5 - Save Best Score: 0.8800 Model
========== fold: 3 result ==========
Score: 0.8800
========== fold: 4 training ==========
Epoch 1 - avg_train_loss: 0.0207  avg_val_loss: 0.0142  time: 973s
Epoch 1 - Score: 0.8596
Epoch 1 - Save Best Score: 0.8596 Model
Epoch 2 - avg_train_loss: 0.0102  avg_val_loss: 0.0134  time: 977s
Epoch 2 - Score: 0.8779
Epoch 2 - Save Best Score: 0.8779 Model
Epoch 3 - avg_train_loss: 0.0083  avg_val_loss: 0.0141  time: 980s
Epoch 3 - Score: 0.8778
Epoch 4 - avg_train_loss: 0.0069  avg_val_loss: 0.0178  time: 976s
Epoch 4 - Score: 0.8788
Epoch 4 - Save Best Score: 0.8788 Model
Epoch 5 - avg_train_loss: 0.0053  avg_val_loss: 0.0203  time: 975s
Epoch 5 - Score: 0.8807
Epoch 5 - Save Best Score: 0.8807 Model
========== fold: 4 result ==========
Score: 0.8807
========== CV ==========
Score: 0.8813
